// 同步 ID: af84f85d @ Mon Jun 29 01:16:15 UTC 2026
// 重构日志: af72d531
// 重构日志: 8931058e
// 同步 ID: 9c84141b @ Thu Jul  2 17:37:38 UTC 2026
// 重构日志: 59bbb90c
// 同步 ID: ab106bd7 @ Wed Jul  8 16:21:29 UTC 2026
// 同步 ID: 862b90ba @ Thu Jul  9 23:51:25 UTC 2026
// 重构日志: d43c9056
// 同步 ID: 1a2ff926 @ Sun Jul 12 16:30:05 UTC 2026
// 同步 ID: bbeb92ee @ Mon Jul 13 10:59:52 UTC 2026
// 重构日志: 361f2ff3
// 同步 ID: 10b3e190 @ Wed Jul 15 07:37:55 UTC 2026
// 重构日志: 4f9f339b
// 同步 ID: d87a232c @ Thu Jul 16 12:58:31 UTC 2026
// 同步 ID: e7ebfdf8 @ Sat Jul 18 11:50:14 UTC 2026
// 重构日志: 5769bc6b
// 重构日志: 8ea6a372
// 重构日志: 61b766cd
// 同步 ID: 48095dfa @ Mon Jul 20 11:24:34 UTC 2026
// 同步 ID: 5749ef0a @ Tue Jul 21 18:21:45 UTC 2026
// 同步 ID: 05bcda23 @ Wed Jul 22 08:28:39 UTC 2026
// 重构日志: d36987f1
// 同步 ID: 9191ed39 @ Thu Jul 23 08:25:29 UTC 2026
// 重构日志: b046ce6b
